<?xml version="1.0" encoding="UTF-8"?>
<!-- Generated by org.testng.reporters.JUnitReportReporter -->
<testsuite skipped="0" hostname="VAIO" name="RestApi.Tc_002_Get_SingleUser" tests="1" failures="0" timestamp="02 Jun 2022 12:36:52 GMT" time="4.388" errors="0">
  <testcase name="getSingleUser" time="4.388" classname="RestApi.Tc_002_Get_SingleUser"/>
</testsuite> <!-- RestApi.Tc_002_Get_SingleUser -->
