<?xml version="1.0" encoding="UTF-8"?>
<!-- Generated by org.testng.reporters.JUnitReportReporter -->
<testsuite skipped="0" hostname="VAIO" name="DataDriven.dataDrriven_AddNewEmployees" tests="5" failures="0" timestamp="06 Jun 2022 10:52:45 GMT" time="5.823" errors="0">
  <testcase name="postNewEmployees" time="0.492" classname="DataDriven.dataDrriven_AddNewEmployees"/>
  <testcase name="postNewEmployees" time="0.430" classname="DataDriven.dataDrriven_AddNewEmployees"/>
  <testcase name="postNewEmployees" time="0.438" classname="DataDriven.dataDrriven_AddNewEmployees"/>
  <testcase name="postNewEmployees" time="0.456" classname="DataDriven.dataDrriven_AddNewEmployees"/>
  <testcase name="postNewEmployees" time="4.007" classname="DataDriven.dataDrriven_AddNewEmployees"/>
</testsuite> <!-- DataDriven.dataDrriven_AddNewEmployees -->
