<?xml version="1.0" encoding="UTF-8"?>
<!-- Generated by org.testng.reporters.JUnitReportReporter -->
<testsuite skipped="0" hostname="VAIO" name="RestApi.TC_003_Post_Creat" tests="1" failures="0" timestamp="06 Jun 2022 09:53:14 GMT" time="4.930" errors="0">
  <testcase name="PostUserDetails" time="4.930" classname="RestApi.TC_003_Post_Creat"/>
</testsuite> <!-- RestApi.TC_003_Post_Creat -->
