<?xml version="1.0" encoding="UTF-8"?>
<!-- Generated by org.testng.reporters.JUnitReportReporter -->
<testsuite skipped="0" hostname="VAIO" name="RestApi.TC_001_Get_Request" tests="1" failures="0" timestamp="02 Jun 2022 12:25:30 GMT" time="4.239" errors="0">
  <testcase name="getListUserDetails" time="4.239" classname="RestApi.TC_001_Get_Request"/>
</testsuite> <!-- RestApi.TC_001_Get_Request -->
