<?xml version="1.0" encoding="UTF-8"?>
<!-- Generated by org.testng.reporters.JUnitReportReporter -->
<testsuite skipped="0" hostname="VAIO" name="RestApi.ValidatingAllValueInJasonNode" tests="1" failures="0" timestamp="20 Jun 2022 07:16:16 GMT" time="5.683" errors="0">
  <testcase name="ValidateAllValueInJason" time="5.683" classname="RestApi.ValidatingAllValueInJasonNode"/>
</testsuite> <!-- RestApi.ValidatingAllValueInJasonNode -->
