<?xml version="1.0" encoding="UTF-8"?>
<!-- Generated by org.testng.reporters.JUnitReportReporter -->
<testsuite skipped="0" hostname="VAIO" name="RestApi.ValidatingJasonResponse" tests="1" failures="0" timestamp="06 Jun 2022 07:16:28 GMT" time="3.950" errors="0">
  <testcase name="validateResponse" time="3.950" classname="RestApi.ValidatingJasonResponse"/>
</testsuite> <!-- RestApi.ValidatingJasonResponse -->
