<?xml version="1.0" encoding="UTF-8"?>
<!-- Generated by org.testng.reporters.JUnitReportReporter -->
<testsuite skipped="0" hostname="VAIO" name="RestApi.TC_004_AllHeaders" tests="1" failures="0" timestamp="05 Jun 2022 11:20:36 GMT" time="4.798" errors="0">
  <testcase name="printAllHeaders" time="4.798" classname="RestApi.TC_004_AllHeaders"/>
</testsuite> <!-- RestApi.TC_004_AllHeaders -->
