<?xml version="1.0" encoding="UTF-8"?>
<!-- Generated by org.testng.reporters.JUnitReportReporter -->
<testsuite skipped="0" hostname="VAIO" name="RestApi.ValidatingAllValueInJason" tests="1" failures="0" timestamp="05 Jun 2022 11:47:26 GMT" time="4.734" errors="0">
  <testcase name="ValidateAllValueInJason" time="4.734" classname="RestApi.ValidatingAllValueInJason"/>
</testsuite> <!-- RestApi.ValidatingAllValueInJason -->
